app/build/outputs/logs/manifest-merger-debug-report.txt
-- Merging decision tree log ---
manifest
ADDED from src/main/AndroidManifest.xml:2:1-39:12
INJECTED from src/main/AndroidManifest.xml:2:1-39:12
INJECTED from src/main/AndroidManifest.xml:2:1-39:12
INJECTED from src/main/AndroidManifest.xml:2:1-39:12
INJECTED from src/main/AndroidManifest.xml:2:1-39:12
INJECTED from src/main/AndroidManifest.xml:2:1-39:12
INJECTED from src/main/AndroidManifest.xml:2:1-39:12
	package
		ADDED from src/main/AndroidManifest.xml:3:5-41
		INJECTED from src/main/AndroidManifest.xml
		INJECTED from src/main/AndroidManifest.xml
	android:versionName
		ADDED from src/main/AndroidManifest.xml:5:5-30
		INJECTED from src/main/AndroidManifest.xml
		INJECTED from src/main/AndroidManifest.xml
	xmlns:android
		ADDED from src/main/AndroidManifest.xml:2:11-69
	android:versionCode
		ADDED from src/main/AndroidManifest.xml:4:5-28
		INJECTED from src/main/AndroidManifest.xml
		INJECTED from src/main/AndroidManifest.xml
uses-sdk
ADDED from src/main/AndroidManifest.xml:7:5-9:41
INJECTED from src/main/AndroidManifest.xml:7:5-9:41
INJECTED from src/main/AndroidManifest.xml:7:5-9:41
INJECTED from src/main/AndroidManifest.xml:7:5-9:41
INJECTED from src/main/AndroidManifest.xml:7:5-9:41
	android:targetSdkVersion
		ADDED from src/main/AndroidManifest.xml:9:9-38
		INJECTED from src/main/AndroidManifest.xml
		INJECTED from src/main/AndroidManifest.xml
	android:minSdkVersion
		ADDED from src/main/AndroidManifest.xml:8:9-35
		INJECTED from src/main/AndroidManifest.xml
		INJECTED from src/main/AndroidManifest.xml
application
ADDED from src/main/AndroidManifest.xml:11:5-37:19
	android:label
		ADDED from src/main/AndroidManifest.xml:14:9-41
	android:icon
		ADDED from src/main/AndroidManifest.xml:13:9-45
	android:allowBackup
		ADDED from src/main/AndroidManifest.xml:12:9-35
	android:theme
		ADDED from src/main/AndroidManifest.xml:15:9-40
activity#com.amibadesign.fruittiles.MainMenu
ADDED from src/main/AndroidManifest.xml:16:9-25:20
	android:label
		ADDED from src/main/AndroidManifest.xml:18:13-45
	android:name
		ADDED from src/main/AndroidManifest.xml:17:13-63
intent-filter#android.intent.action.MAIN+android.intent.category.LAUNCHER
ADDED from src/main/AndroidManifest.xml:20:13-24:29
action#android.intent.action.MAIN
ADDED from src/main/AndroidManifest.xml:21:17-69
	android:name
		ADDED from src/main/AndroidManifest.xml:21:25-66
category#android.intent.category.LAUNCHER
ADDED from src/main/AndroidManifest.xml:23:17-77
	android:name
		ADDED from src/main/AndroidManifest.xml:23:27-74
activity#com.amibadesign.fruittiles.FourByFour
ADDED from src/main/AndroidManifest.xml:27:9-83
	android:name
		ADDED from src/main/AndroidManifest.xml:27:19-71
activity#com.amibadesign.fruittiles.HighScore
ADDED from src/main/AndroidManifest.xml:28:9-82
	android:name
		ADDED from src/main/AndroidManifest.xml:28:19-70
activity#com.amibadesign.fruittiles.About
ADDED from src/main/AndroidManifest.xml:29:3-72
	android:name
		ADDED from src/main/AndroidManifest.xml:29:13-60
activity#com.amibadesign.fruittiles.TwoByTwo
ADDED from src/main/AndroidManifest.xml:30:3-75
	android:name
		ADDED from src/main/AndroidManifest.xml:30:13-63
activity#com.amibadesign.fruittiles.TwoByThree
ADDED from src/main/AndroidManifest.xml:31:3-77
	android:name
		ADDED from src/main/AndroidManifest.xml:31:13-65
activity#com.amibadesign.fruittiles.ThreeByFour
ADDED from src/main/AndroidManifest.xml:32:3-78
	android:name
		ADDED from src/main/AndroidManifest.xml:32:13-66
activity#com.amibadesign.fruittiles.FourByFive
ADDED from src/main/AndroidManifest.xml:33:3-77
	android:name
		ADDED from src/main/AndroidManifest.xml:33:13-65
activity#com.amibadesign.fruittiles.Game
ADDED from src/main/AndroidManifest.xml:34:9-77
	android:name
		ADDED from src/main/AndroidManifest.xml:34:19-65